This file contains any messages produced by compilers while
running configure, to aid debugging if configure makes a mistake.

It was created by configure, which was
generated by GNU Autoconf 2.59.  Invocation command line was

  $ ./configure 

## --------- ##
## Platform. ##
## --------- ##

hostname = lenovo
uname -m = x86_64
uname -r = 4.12.8-200.fc25.x86_64
uname -s = Linux
uname -v = #1 SMP Thu Aug 17 15:39:27 UTC 2017

/usr/bin/uname -p = x86_64
/bin/uname -X     = unknown

/bin/arch              = x86_64
/usr/bin/arch -k       = unknown
/usr/convex/getsysinfo = unknown
hostinfo               = unknown
/bin/machine           = unknown
/usr/bin/oslevel       = unknown
/bin/universe          = unknown

PATH: /usr/local/bin
PATH: /usr/local/sbin
PATH: /usr/bin
PATH: /usr/sbin
PATH: /home/jan/.local/bin
PATH: /home/jan/bin


## ----------- ##
## Core tests. ##
## ----------- ##

configure:1301: checking for a BSD-compatible install
configure:1356: result: /usr/bin/install -c
configure:1367: checking whether build environment is sane
configure:1410: result: yes
configure:1467: checking for gawk
configure:1483: found /usr/bin/gawk
configure:1493: result: gawk
configure:1503: checking whether make sets $(MAKE)
configure:1523: result: yes
configure:1734: checking for gcc
configure:1750: found /usr/bin/gcc
configure:1760: result: gcc
configure:2004: checking for C compiler version
configure:2007: gcc --version </dev/null >&5
gcc (GCC) 6.4.1 20170727 (Red Hat 6.4.1-1)
Copyright (C) 2017 Free Software Foundation, Inc.
This is free software; see the source for copying conditions.  There is NO
warranty; not even for MERCHANTABILITY or FITNESS FOR A PARTICULAR PURPOSE.

configure:2010: $? = 0
configure:2012: gcc -v </dev/null >&5
Using built-in specs.
COLLECT_GCC=gcc
COLLECT_LTO_WRAPPER=/usr/libexec/gcc/x86_64-redhat-linux/6.4.1/lto-wrapper
Target: x86_64-redhat-linux
Configured with: ../configure --enable-bootstrap --enable-languages=c,c++,objc,obj-c++,fortran,ada,go,lto --prefix=/usr --mandir=/usr/share/man --infodir=/usr/share/info --with-bugurl=http://bugzilla.redhat.com/bugzilla --enable-shared --enable-threads=posix --enable-checking=release --enable-multilib --with-system-zlib --enable-__cxa_atexit --disable-libunwind-exceptions --enable-gnu-unique-object --enable-linker-build-id --with-linker-hash-style=gnu --enable-plugin --enable-initfini-array --disable-libgcj --with-isl --enable-libmpx --enable-gnu-indirect-function --with-tune=generic --with-arch_32=i686 --build=x86_64-redhat-linux
Thread model: posix
gcc version 6.4.1 20170727 (Red Hat 6.4.1-1) (GCC) 
configure:2015: $? = 0
configure:2017: gcc -V </dev/null >&5
gcc: error: unrecognized command line option '-V'
gcc: fatal error: no input files
compilation terminated.
configure:2020: $? = 1
configure:2043: checking for C compiler default output file name
configure:2046: gcc    conftest.c  >&5
configure:2049: $? = 0
configure:2095: result: a.out
configure:2100: checking whether the C compiler works
configure:2106: ./a.out
configure:2109: $? = 0
configure:2126: result: yes
configure:2133: checking whether we are cross compiling
configure:2135: result: no
configure:2138: checking for suffix of executables
configure:2140: gcc -o conftest    conftest.c  >&5
configure:2143: $? = 0
configure:2168: result: 
configure:2174: checking for suffix of object files
configure:2195: gcc -c   conftest.c >&5
configure:2198: $? = 0
configure:2220: result: o
configure:2224: checking whether we are using the GNU C compiler
configure:2248: gcc -c   conftest.c >&5
configure:2254: $? = 0
configure:2258: test -z 
			 || test ! -s conftest.err
configure:2261: $? = 0
configure:2264: test -s conftest.o
configure:2267: $? = 0
configure:2280: result: yes
configure:2286: checking whether gcc accepts -g
configure:2307: gcc -c -g  conftest.c >&5
configure:2313: $? = 0
configure:2317: test -z 
			 || test ! -s conftest.err
configure:2320: $? = 0
configure:2323: test -s conftest.o
configure:2326: $? = 0
configure:2337: result: yes
configure:2354: checking for gcc option to accept ANSI C
configure:2424: gcc  -c -g -O2  conftest.c >&5
configure:2430: $? = 0
configure:2434: test -z 
			 || test ! -s conftest.err
configure:2437: $? = 0
configure:2440: test -s conftest.o
configure:2443: $? = 0
configure:2461: result: none needed
configure:2479: gcc -c -g -O2  conftest.c >&5
conftest.c:2:3: error: unknown type name 'choke'
   choke me
   ^~~~~
conftest.c:2:3: error: expected '=', ',', ';', 'asm' or '__attribute__' at end of input
configure:2485: $? = 1
configure: failed program was:
| #ifndef __cplusplus
|   choke me
| #endif
configure:2629: checking for style of include used by make
configure:2657: result: GNU
configure:2685: checking dependency style of gcc
configure:2775: result: gcc3
configure:2805: checking for a BSD-compatible install
configure:2860: result: /usr/bin/install -c
configure:2912: checking for ranlib
configure:2928: found /usr/bin/ranlib
configure:2939: result: ranlib
configure:2956: checking for indent
configure:2974: found /usr/bin/indent
configure:2986: result: /usr/bin/indent
configure:3004: checking how to run the C preprocessor
configure:3039: gcc -E  conftest.c
configure:3045: $? = 0
configure:3077: gcc -E  conftest.c
conftest.c:11:28: fatal error: ac_nonexistent.h: No such file or directory
 #include <ac_nonexistent.h>
                            ^
compilation terminated.
configure:3083: $? = 1
configure: failed program was:
| /* confdefs.h.  */
| 
| #define PACKAGE_NAME ""
| #define PACKAGE_TARNAME ""
| #define PACKAGE_VERSION ""
| #define PACKAGE_STRING ""
| #define PACKAGE_BUGREPORT ""
| #define PACKAGE "jff-a2c"
| #define VERSION "2.1.1"
| /* end confdefs.h.  */
| #include <ac_nonexistent.h>
configure:3122: result: gcc -E
configure:3146: gcc -E  conftest.c
configure:3152: $? = 0
configure:3184: gcc -E  conftest.c
conftest.c:11:28: fatal error: ac_nonexistent.h: No such file or directory
 #include <ac_nonexistent.h>
                            ^
compilation terminated.
configure:3190: $? = 1
configure: failed program was:
| /* confdefs.h.  */
| 
| #define PACKAGE_NAME ""
| #define PACKAGE_TARNAME ""
| #define PACKAGE_VERSION ""
| #define PACKAGE_STRING ""
| #define PACKAGE_BUGREPORT ""
| #define PACKAGE "jff-a2c"
| #define VERSION "2.1.1"
| /* end confdefs.h.  */
| #include <ac_nonexistent.h>
configure:3234: checking for egrep
configure:3244: result: grep -E
configure:3249: checking for ANSI C header files
configure:3274: gcc -c -g -O2  conftest.c >&5
configure:3280: $? = 0
configure:3284: test -z 
			 || test ! -s conftest.err
configure:3287: $? = 0
configure:3290: test -s conftest.o
configure:3293: $? = 0
configure:3382: gcc -o conftest -g -O2   conftest.c  >&5
conftest.c: In function 'main':
conftest.c:28:7: warning: implicit declaration of function 'exit' [-Wimplicit-function-declaration]
       exit(2);
       ^~~~
conftest.c:28:7: warning: incompatible implicit declaration of built-in function 'exit'
conftest.c:28:7: note: include '<stdlib.h>' or provide a declaration of 'exit'
conftest.c:29:3: warning: incompatible implicit declaration of built-in function 'exit'
   exit (0);
   ^~~~
conftest.c:29:3: note: include '<stdlib.h>' or provide a declaration of 'exit'
configure:3385: $? = 0
configure:3387: ./conftest
configure:3390: $? = 0
configure:3405: result: yes
configure:3562: creating ./config.status

## ---------------------- ##
## Running config.status. ##
## ---------------------- ##

This file was extended by config.status, which was
generated by GNU Autoconf 2.59.  Invocation command line was

  CONFIG_FILES    = 
  CONFIG_HEADERS  = 
  CONFIG_LINKS    = 
  CONFIG_COMMANDS = 
  $ ./config.status 

on lenovo

config.status:682: creating Makefile
config.status:865: executing depfiles commands

## ---------------- ##
## Cache variables. ##
## ---------------- ##

ac_cv_c_compiler_gnu=yes
ac_cv_env_CC_set=
ac_cv_env_CC_value=
ac_cv_env_CFLAGS_set=
ac_cv_env_CFLAGS_value=
ac_cv_env_CPPFLAGS_set=
ac_cv_env_CPPFLAGS_value=
ac_cv_env_CPP_set=
ac_cv_env_CPP_value=
ac_cv_env_LDFLAGS_set=
ac_cv_env_LDFLAGS_value=
ac_cv_env_build_alias_set=
ac_cv_env_build_alias_value=
ac_cv_env_host_alias_set=
ac_cv_env_host_alias_value=
ac_cv_env_target_alias_set=
ac_cv_env_target_alias_value=
ac_cv_exeext=
ac_cv_header_stdc=yes
ac_cv_objext=o
ac_cv_path_INDENT=/usr/bin/indent
ac_cv_path_install='/usr/bin/install -c'
ac_cv_prog_AWK=gawk
ac_cv_prog_CPP='gcc -E'
ac_cv_prog_ac_ct_CC=gcc
ac_cv_prog_ac_ct_RANLIB=ranlib
ac_cv_prog_cc_g=yes
ac_cv_prog_cc_stdc=
ac_cv_prog_egrep='grep -E'
ac_cv_prog_make_make_set=yes
am_cv_CC_dependencies_compiler_type=gcc3

## ----------------- ##
## Output variables. ##
## ----------------- ##

ACLOCAL='${SHELL} /home/jan/jff-a2c-2.1.1/missing --run aclocal-1.8'
AMDEPBACKSLASH='\'
AMDEP_FALSE='#'
AMDEP_TRUE=''
AMTAR='${SHELL} /home/jan/jff-a2c-2.1.1/missing --run tar'
AUTOCONF='${SHELL} /home/jan/jff-a2c-2.1.1/missing --run autoconf'
AUTOHEADER='${SHELL} /home/jan/jff-a2c-2.1.1/missing --run autoheader'
AUTOMAKE='${SHELL} /home/jan/jff-a2c-2.1.1/missing --run automake-1.8'
AWK='gawk'
CC='gcc'
CCDEPMODE='depmode=gcc3'
CFLAGS='-g -O2'
CPP='gcc -E'
CPPFLAGS=''
CYGPATH_W='echo'
DEFS='-DPACKAGE_NAME=\"\" -DPACKAGE_TARNAME=\"\" -DPACKAGE_VERSION=\"\" -DPACKAGE_STRING=\"\" -DPACKAGE_BUGREPORT=\"\" -DPACKAGE=\"jff-a2c\" -DVERSION=\"2.1.1\" -DSTDC_HEADERS=1 '
DEPDIR='.deps'
ECHO_C=''
ECHO_N='-n'
ECHO_T=''
EGREP='grep -E'
EXEEXT=''
INDENT='/usr/bin/indent'
INSTALL_DATA='${INSTALL} -m 644'
INSTALL_PROGRAM='${INSTALL}'
INSTALL_SCRIPT='${INSTALL}'
INSTALL_STRIP_PROGRAM='${SHELL} $(install_sh) -c -s'
LDFLAGS=''
LIBOBJS=''
LIBS=''
LTLIBOBJS=''
MAKEINFO='${SHELL} /home/jan/jff-a2c-2.1.1/missing --run makeinfo'
OBJEXT='o'
PACKAGE='jff-a2c'
PACKAGE_BUGREPORT=''
PACKAGE_NAME=''
PACKAGE_STRING=''
PACKAGE_TARNAME=''
PACKAGE_VERSION=''
PATH_SEPARATOR=':'
RANLIB='ranlib'
SET_MAKE=''
SHELL='/bin/sh'
STRIP=''
VERSION='2.1.1'
ac_ct_CC='gcc'
ac_ct_RANLIB='ranlib'
ac_ct_STRIP=''
am__fastdepCC_FALSE='#'
am__fastdepCC_TRUE=''
am__include='include'
am__leading_dot='.'
am__quote=''
bindir='${exec_prefix}/bin'
build_alias=''
datadir='${prefix}/share'
exec_prefix='${prefix}'
host_alias=''
includedir='${prefix}/include'
infodir='${prefix}/info'
install_sh='/home/jan/jff-a2c-2.1.1/install-sh'
libdir='${exec_prefix}/lib'
libexecdir='${exec_prefix}/libexec'
localstatedir='${prefix}/var'
mandir='${prefix}/man'
mkdir_p='mkdir -p -- .'
oldincludedir='/usr/include'
prefix='/usr/local'
program_transform_name='s,x,x,'
sbindir='${exec_prefix}/sbin'
sharedstatedir='${prefix}/com'
sysconfdir='${prefix}/etc'
target_alias=''

## ----------- ##
## confdefs.h. ##
## ----------- ##

#define PACKAGE "jff-a2c"
#define PACKAGE_BUGREPORT ""
#define PACKAGE_NAME ""
#define PACKAGE_STRING ""
#define PACKAGE_TARNAME ""
#define PACKAGE_VERSION ""
#define STDC_HEADERS 1
#define VERSION "2.1.1"

configure: exit 0
